-------------------------------------------------------------------------------
      name:  <unnamed>
       log:  /workspace/logs/models.log
  log type:  text
 opened on:  23 Apr 2021, 08:41:10

. 
. egen comorbidities = rowtotal(diabetes cancer haem_cancer asthma ///
>     chronic_respiratory_disease chronic_cardiac_disease chronic_liver_disease
>  ///
>     stroke_or_dementia other_neuro organ_transplant dysplenia ra_sle_psoriasi
> s ///
>     other_immunosup_cond)

. recode comorbidities 2/max = 2
(comorbidities: 45915 changes made)

. 
. local exposures sex ///
>     age_group ///
>     ethnicity ///
>     imd ///
>     comorbidities ///
>     mental_health ///
>     bmi ///
>     diabetes ///
>     asthma

. 
. global model_1 i.age_group

. global model_2 i.age_group i.sex

. global model_3 i.age_group i.sex i.ethnicity

. global model_4 i.age_group i.sex i.ethnicity i.imd

. global model_5 i.age_group i.sex i.ethnicity i.imd i.bmi ///i.smoking
> 

. foreach variable in age_group sex bmi {
  2.     rename `variable' `variable'_temp
  3.     encode `variable'_temp, generate(`variable')
  4. }

. 
. tempname logistic_table

. postfile `logistic_table' str20(model) str20(category) or stde ll ul ///
>      using $projectdir/output/model_summary, replace
(note: file /workspace/output/model_summary.dta not found)

. 
. 
. foreach model in model_1 model_2 model_3 {
  2.     foreach exposure of local exposures {
  3. 
.         logistic long_covid i.`exposure' $`model'
  4. 
.         matrix b = r(table)
  5. 
.         qui tab `exposure'
  6.         local unique_values = r(r)
  7. 
.         forvalues n = 2/`unique_values' {
  8.             local category : word `n' of `: colnames b'
  9.             local or = b[1,`n']
 10.             local stde = b[2,`n']
 11.             local lc = b[5,`n']
 12.             local uc = b[6,`n']
 13.             post `logistic_table' ("`model'") ("`category'") (`or') (`stde
> ') (`lc') (`uc')
 14.         }
 15.     }
 16. }

Logistic regression                             Number of obs     =  1,203,139
                                                LR chi2(7)        =    1080.17
                                                Prob > chi2       =     0.0000
Log likelihood = -22380.398                     Pseudo R2         =     0.0236

------------------------------------------------------------------------------
  long_covid | Odds Ratio   Std. Err.      z    P>|z|     [95% Conf. Interval]
-------------+----------------------------------------------------------------
         sex |
          M  |   .6655646   .0240425   -11.27   0.000     .6200715    .7143953
             |
   age_group |
      25-34  |     2.1516   .2125804     7.76   0.000     1.772809    2.611326
      35-44  |   4.213519   .3940401    15.38   0.000     3.507859    5.061132
      45-54  |   5.387723   .4943354    18.36   0.000     4.500966    6.449186
      55-69  |   5.346549   .4936353    18.16   0.000     4.461531    6.407124
      70-79  |   3.023529   .3482083     9.61   0.000     2.412595    3.789167
        80+  |   .8903779   .1336264    -0.77   0.439     .6634795    1.194872
             |
       _cons |   .0009526   .0000825   -80.29   0.000     .0008039    .0011289
------------------------------------------------------------------------------
Note: _cons estimates baseline odds.

Logistic regression                             Number of obs     =  1,203,139
                                                LR chi2(6)        =     949.26
                                                Prob > chi2       =     0.0000
Log likelihood = -22445.854                     Pseudo R2         =     0.0207

------------------------------------------------------------------------------
  long_covid | Odds Ratio   Std. Err.      z    P>|z|     [95% Conf. Interval]
-------------+----------------------------------------------------------------
   age_group |
      25-34  |   2.144453   .2118693     7.72   0.000     1.766928     2.60264
      35-44  |   4.183229   .3911901    15.30   0.000     3.482672    5.024708
      45-54  |   5.330846   .4890813    18.24   0.000     4.453507     6.38102
      55-69  |   5.221426   .4819553    17.91   0.000     4.357329    6.256882
      70-79  |   2.930541   .3373985     9.34   0.000     2.338555    3.672385
        80+  |   .9032031   .1355451    -0.68   0.498     .6730452    1.212067
             |
       _cons |   .0008154   .0000699   -82.90   0.000     .0006892    .0009647
------------------------------------------------------------------------------
Note: _cons estimates baseline odds.

Logistic regression                             Number of obs     =    909,276
                                                LR chi2(10)       =     639.89
                                                Prob > chi2       =     0.0000
Log likelihood = -17311.487                     Pseudo R2         =     0.0181

------------------------------------------------------------------------------
  long_covid | Odds Ratio   Std. Err.      z    P>|z|     [95% Conf. Interval]
-------------+----------------------------------------------------------------
   ethnicity |
          2  |   1.059621   .1637605     0.37   0.708     .7827097    1.434501
          3  |   .7560091   .0484377    -4.37   0.000     .6667919    .8571636
          4  |   .6762864   .0866459    -3.05   0.002     .5261077    .8693341
          5  |   .7483371   .1155625    -1.88   0.060     .5529042    1.012849
             |
   age_group |
      25-34  |     2.1232   .2498316     6.40   0.000     1.685901    2.673927
      35-44  |   3.926523   .4407364    12.19   0.000     3.151115     4.89274
      45-54  |   4.733442    .524316    14.04   0.000       3.8097    5.881164
      55-69  |   4.579797   .5108058    13.64   0.000     3.680508    5.698816
      70-79  |   2.530601   .3471653     6.77   0.000     1.933971    3.311291
        80+  |    .778633   .1408011    -1.38   0.166     .5462721     1.10983
             |
       _cons |   .0009329   .0000978   -66.55   0.000     .0007596    .0011457
------------------------------------------------------------------------------
Note: _cons estimates baseline odds.

Logistic regression                             Number of obs     =  1,203,139
                                                LR chi2(11)       =     985.55
                                                Prob > chi2       =     0.0000
Log likelihood = -22427.708                     Pseudo R2         =     0.0215

------------------------------------------------------------------------------
  long_covid | Odds Ratio   Std. Err.      z    P>|z|     [95% Conf. Interval]
-------------+----------------------------------------------------------------
         imd |
          1  |   .8698355   .1116576    -1.09   0.277     .6763501    1.118672
          2  |   .9462332   .1215648    -0.43   0.667      .735601    1.217178
          3  |   1.111771   .1423093     0.83   0.408     .8650864    1.428799
          4  |   1.090994   .1403902     0.68   0.499     .8477913    1.403964
          5  |    1.13973   .1473984     1.01   0.312     .8845415     1.46854
             |
   age_group |
      25-34  |   2.172436   .2147072     7.85   0.000     1.789867    2.636777
      35-44  |   4.215884   .3942929    15.38   0.000     3.509777    5.064047
      45-54  |   5.311446   .4873267    18.20   0.000     4.437259    6.357857
      55-69  |   5.199903   .4799956    17.86   0.000     4.339324    6.231154
      70-79  |    2.91531   .3356676     9.29   0.000     2.326365    3.653354
        80+  |   .8916507   .1338278    -0.76   0.445     .6644129    1.196607
             |
       _cons |   .0008003   .0001187   -48.09   0.000     .0005985    .0010702
------------------------------------------------------------------------------
Note: _cons estimates baseline odds.

Logistic regression                             Number of obs     =  1,203,139
                                                LR chi2(8)        =    1007.02
                                                Prob > chi2       =     0.0000
Log likelihood = -22416.971                     Pseudo R2         =     0.0220

------------------------------------------------------------------------------
  long_covid | Odds Ratio   Std. Err.      z    P>|z|     [95% Conf. Interval]
-------------+----------------------------------------------------------------
comorbidit~s |
          1  |   1.299299   .0506613     6.71   0.000     1.203704    1.402486
          2  |   1.373722   .0792414     5.50   0.000      1.22687    1.538153
             |
   age_group |
      25-34  |   2.125653   .2100298     7.63   0.000     1.751408    2.579866
      35-44  |   4.117108   .3851323    15.13   0.000     3.427419    4.945582
      45-54  |   5.133459   .4718509    17.80   0.000     4.287167     6.14681
      55-69  |   4.806492   .4478782    16.85   0.000     4.004162    5.769588
      70-79  |   2.504592   .2958689     7.77   0.000     1.986937    3.157111
        80+  |   .7611785   .1163404    -1.79   0.074     .5641399    1.027037
             |
       _cons |   .0007608   .0000658   -83.05   0.000     .0006422    .0009013
------------------------------------------------------------------------------
Note: _cons estimates baseline odds.

Logistic regression                             Number of obs     =  1,203,139
                                                LR chi2(7)        =    1103.73
                                                Prob > chi2       =     0.0000
Log likelihood = -22368.618                     Pseudo R2         =     0.0241

------------------------------------------------------------------------------
  long_covid | Odds Ratio   Std. Err.      z    P>|z|     [95% Conf. Interval]
-------------+----------------------------------------------------------------
1.mental_h~h |   1.606044    .059499    12.79   0.000     1.493561    1.726998
             |
   age_group |
      25-34  |   2.053609   .2030565     7.28   0.000     1.691814    2.492773
      35-44  |    3.90638   .3660863    14.54   0.000     3.250905    4.694019
      45-54  |   4.879873   .4493323    17.21   0.000     4.074094     5.84502
      55-69  |   4.774183   .4422943    16.87   0.000      3.98145    5.724754
      70-79  |   2.689417   .3103208     8.57   0.000      2.14507    3.371901
        80+  |   .8474501   .1272718    -1.10   0.270     .6313627    1.137495
             |
       _cons |   .0007673    .000066   -83.42   0.000     .0006483    .0009082
------------------------------------------------------------------------------
Note: _cons estimates baseline odds.

Logistic regression                             Number of obs     =  1,203,139
                                                LR chi2(9)        =    1055.60
                                                Prob > chi2       =     0.0000
Log likelihood = -22392.683                     Pseudo R2         =     0.0230

------------------------------------------------------------------------------
  long_covid | Odds Ratio   Std. Err.      z    P>|z|     [95% Conf. Interval]
-------------+----------------------------------------------------------------
         bmi |
Obese I ..)  |   1.335316   .0612238     6.31   0.000     1.220553    1.460869
Obese II..)  |   1.579421   .0940723     7.67   0.000     1.405398    1.774993
Obese II..)  |    1.62016   .1143583     6.84   0.000     1.410835    1.860542
             |
   age_group |
      25-34  |    2.07234   .2048941     7.37   0.000     1.707269    2.515476
      35-44  |   3.967437   .3717412    14.71   0.000     3.301826    4.767229
      45-54  |   4.915631   .4530971    17.28   0.000     4.103175     5.88896
      55-69  |   4.759403   .4420022    16.80   0.000     3.967364    5.709564
      70-79  |   2.713875   .3133854     8.65   0.000     2.164198    3.403161
        80+  |    .888804   .1334185    -0.79   0.432     .6622653    1.192834
             |
       _cons |   .0007762   .0000667   -83.30   0.000     .0006559    .0009187
------------------------------------------------------------------------------
Note: _cons estimates baseline odds.

Logistic regression                             Number of obs     =  1,203,139
                                                LR chi2(7)        =     949.42
                                                Prob > chi2       =     0.0000
Log likelihood = -22445.772                     Pseudo R2         =     0.0207

------------------------------------------------------------------------------
  long_covid | Odds Ratio   Std. Err.      z    P>|z|     [95% Conf. Interval]
-------------+----------------------------------------------------------------
  1.diabetes |   1.022396    .055772     0.41   0.685     .9187252    1.137764
             |
   age_group |
      25-34  |   2.143978   .2118257     7.72   0.000     1.766531    2.602072
      35-44  |    4.17915   .3909403    15.29   0.000      3.47906    5.020118
      45-54  |   5.319158   .4888719    18.18   0.000     4.442331    6.369054
      55-69  |   5.198541   .4831841    17.73   0.000      4.33277     6.23731
      70-79  |   2.909923   .3388799     9.17   0.000     2.316079    3.656029
        80+  |   .8972864   .1354501    -0.72   0.473     .6674792    1.206214
             |
       _cons |   .0008152   .0000699   -82.90   0.000      .000689    .0009644
------------------------------------------------------------------------------
Note: _cons estimates baseline odds.

Logistic regression                             Number of obs     =  1,203,139
                                                LR chi2(7)        =    1101.35
                                                Prob > chi2       =     0.0000
Log likelihood = -22369.809                     Pseudo R2         =     0.0240

------------------------------------------------------------------------------
  long_covid | Odds Ratio   Std. Err.      z    P>|z|     [95% Conf. Interval]
-------------+----------------------------------------------------------------
    1.asthma |   1.664977   .0659382    12.87   0.000     1.540629    1.799362
             |
   age_group |
      25-34  |   2.133527    .210798     7.67   0.000     1.757913      2.5894
      35-44  |   4.234326   .3960075    15.43   0.000     3.525147    5.086176
      45-54  |   5.425144   .4978212    18.43   0.000     4.532141    6.494101
      55-69  |   5.334755    .492538    18.13   0.000     4.451703    6.392971
      70-79  |   3.000737   .3455509     9.54   0.000     2.394459    3.760523
        80+  |   .9391687   .1409829    -0.42   0.676      .699787    1.260438
             |
       _cons |   .0007197   .0000623   -83.59   0.000     .0006074    .0008528
------------------------------------------------------------------------------
Note: _cons estimates baseline odds.

Logistic regression                             Number of obs     =  1,203,139
                                                LR chi2(7)        =    1080.17
                                                Prob > chi2       =     0.0000
Log likelihood = -22380.398                     Pseudo R2         =     0.0236

------------------------------------------------------------------------------
  long_covid | Odds Ratio   Std. Err.      z    P>|z|     [95% Conf. Interval]
-------------+----------------------------------------------------------------
         sex |
          M  |   .6655646   .0240425   -11.27   0.000     .6200715    .7143953
             |
   age_group |
      25-34  |     2.1516   .2125804     7.76   0.000     1.772809    2.611326
      35-44  |   4.213519   .3940401    15.38   0.000     3.507859    5.061132
      45-54  |   5.387723   .4943354    18.36   0.000     4.500966    6.449186
      55-69  |   5.346549   .4936353    18.16   0.000     4.461531    6.407124
      70-79  |   3.023529   .3482083     9.61   0.000     2.412595    3.789167
        80+  |   .8903779   .1336264    -0.77   0.439     .6634795    1.194872
             |
       _cons |   .0009526   .0000825   -80.29   0.000     .0008039    .0011289
------------------------------------------------------------------------------
Note: _cons estimates baseline odds.

Logistic regression                             Number of obs     =  1,203,139
                                                LR chi2(7)        =    1080.17
                                                Prob > chi2       =     0.0000
Log likelihood = -22380.398                     Pseudo R2         =     0.0236

------------------------------------------------------------------------------
  long_covid | Odds Ratio   Std. Err.      z    P>|z|     [95% Conf. Interval]
-------------+----------------------------------------------------------------
   age_group |
      25-34  |     2.1516   .2125804     7.76   0.000     1.772809    2.611326
      35-44  |   4.213519   .3940401    15.38   0.000     3.507859    5.061132
      45-54  |   5.387723   .4943354    18.36   0.000     4.500966    6.449186
      55-69  |   5.346549   .4936353    18.16   0.000     4.461531    6.407124
      70-79  |   3.023529   .3482083     9.61   0.000     2.412595    3.789167
        80+  |   .8903779   .1336264    -0.77   0.439     .6634795    1.194872
             |
         sex |
          M  |   .6655646   .0240425   -11.27   0.000     .6200715    .7143953
       _cons |   .0009526   .0000825   -80.29   0.000     .0008039    .0011289
------------------------------------------------------------------------------
Note: _cons estimates baseline odds.

Logistic regression                             Number of obs     =    909,276
                                                LR chi2(11)       =     737.18
                                                Prob > chi2       =     0.0000
Log likelihood = -17262.844                     Pseudo R2         =     0.0209

------------------------------------------------------------------------------
  long_covid | Odds Ratio   Std. Err.      z    P>|z|     [95% Conf. Interval]
-------------+----------------------------------------------------------------
   ethnicity |
          2  |   1.059609   .1637686     0.37   0.708      .782686     1.43451
          3  |   .7707345    .049404    -4.06   0.000     .6797399    .8739101
          4  |   .6798636     .08711    -3.01   0.003     .5288816    .8739471
          5  |   .7595089   .1172962    -1.78   0.075     .5611461    1.027992
             |
   age_group |
      25-34  |   2.123625   .2498863     6.40   0.000     1.686231    2.674474
      35-44  |   3.966772   .4452794    12.28   0.000     3.183376    4.942955
      45-54  |   4.812284   .5331235    14.18   0.000     3.873039    5.979304
      55-69  |   4.715736    .526156    13.90   0.000     3.789458    5.868429
      70-79  |   2.631712   .3611806     7.05   0.000     2.011027    3.443965
        80+  |   .7755525   .1402485    -1.41   0.160     .5441048    1.105452
             |
         sex |
          M  |   .6692464   .0276909    -9.71   0.000     .6171157    .7257809
       _cons |   .0010763   .0001137   -64.69   0.000      .000875    .0013239
------------------------------------------------------------------------------
Note: _cons estimates baseline odds.

Logistic regression                             Number of obs     =  1,203,139
                                                LR chi2(12)       =    1117.05
                                                Prob > chi2       =     0.0000
Log likelihood = -22361.958                     Pseudo R2         =     0.0244

------------------------------------------------------------------------------
  long_covid | Odds Ratio   Std. Err.      z    P>|z|     [95% Conf. Interval]
-------------+----------------------------------------------------------------
         imd |
          1  |   .8742177   .1122281    -1.05   0.295     .6797453    1.124328
          2  |   .9529978   .1224436    -0.37   0.708      .740845    1.225904
          3  |   1.119293   .1432832     0.88   0.379     .8709228    1.438494
          4  |   1.098989   .1414302     0.73   0.463      .853987     1.41428
          5  |   1.149036   .1486141     1.07   0.283     .8917453    1.480561
             |
   age_group |
      25-34  |   2.179408   .2153975     7.88   0.000     1.795609    2.645242
      35-44  |   4.244399   .3969693    15.46   0.000     3.533501    5.098321
      45-54  |    5.36637   .4924032    18.31   0.000     4.483082    6.423689
      55-69  |   5.323186   .4915045    18.11   0.000     4.441992    6.379188
      70-79  |   3.007062   .3463349     9.56   0.000      2.39942    3.768587
        80+  |   .8787491   .1318978    -0.86   0.389     .6547898     1.17931
             |
         sex |
          M  |   .6649511   .0240215   -11.30   0.000     .6194979    .7137392
       _cons |   .0009295   .0001382   -46.94   0.000     .0006945     .001244
------------------------------------------------------------------------------
Note: _cons estimates baseline odds.

Logistic regression                             Number of obs     =  1,203,139
                                                LR chi2(9)        =    1140.91
                                                Prob > chi2       =     0.0000
Log likelihood = -22350.026                     Pseudo R2         =     0.0249

------------------------------------------------------------------------------
  long_covid | Odds Ratio   Std. Err.      z    P>|z|     [95% Conf. Interval]
-------------+----------------------------------------------------------------
comorbidit~s |
          1  |   1.303101   .0507911     6.79   0.000      1.20726    1.406551
          2  |   1.394544    .080296     5.78   0.000     1.245723    1.561145
             |
   age_group |
      25-34  |    2.13086   .2105515     7.66   0.000     1.755687    2.586203
      35-44  |   4.139671   .3872736    15.19   0.000     3.446152    4.972757
      45-54  |   5.178244   .4760247    17.89   0.000     4.324475     6.20057
      55-69  |   4.910873   .4576417    17.08   0.000     4.091059    5.894972
      70-79  |   2.570889   .3036168     8.00   0.000     2.039662    3.240474
        80+  |   .7459944   .1139687    -1.92   0.055     .5529602    1.006415
             |
         sex |
          M  |   .6624269   .0239391   -11.40   0.000     .6171303    .7110482
       _cons |     .00089   .0000777   -80.47   0.000       .00075    .0010561
------------------------------------------------------------------------------
Note: _cons estimates baseline odds.

Logistic regression                             Number of obs     =  1,203,139
                                                LR chi2(8)        =    1198.18
                                                Prob > chi2       =     0.0000
Log likelihood = -22321.393                     Pseudo R2         =     0.0261

------------------------------------------------------------------------------
  long_covid | Odds Ratio   Std. Err.      z    P>|z|     [95% Conf. Interval]
-------------+----------------------------------------------------------------
1.mental_h~h |   1.517191   .0568661    11.12   0.000     1.409731    1.632843
             |
   age_group |
      25-34  |   2.069657   .2046494     7.36   0.000     1.705025    2.512267
      35-44  |    3.96049   .3711966    14.69   0.000      3.29587    4.759132
      45-54  |    4.97101   .4578298    17.41   0.000     4.150009    5.954431
      55-69  |   4.919309    .455993    17.19   0.000     4.102063    5.899373
      70-79  |   2.789638   .3220483     8.89   0.000      2.22475    3.497956
        80+  |   .8433853   .1266603    -1.13   0.257      .628336    1.132036
             |
         sex |
          M  |   .7042235   .0257331    -9.60   0.000     .6555512    .7565094
       _cons |   .0008846    .000077   -80.80   0.000     .0007459    .0010491
------------------------------------------------------------------------------
Note: _cons estimates baseline odds.

Logistic regression                             Number of obs     =  1,203,139
                                                LR chi2(10)       =    1169.26
                                                Prob > chi2       =     0.0000
Log likelihood = -22335.855                     Pseudo R2         =     0.0255

------------------------------------------------------------------------------
  long_covid | Odds Ratio   Std. Err.      z    P>|z|     [95% Conf. Interval]
-------------+----------------------------------------------------------------
         bmi |
Obese I ..)  |   1.325567   .0607189     6.15   0.000     1.211746    1.450079
Obese II..)  |     1.5179   .0905289     7.00   0.000     1.350444     1.70612
Obese II..)  |   1.515553   .1073382     5.87   0.000     1.319123    1.741233
             |
   age_group |
      25-34  |   2.082796   .2059367     7.42   0.000     1.715869    2.528188
      35-44  |   4.012474   .3759507    14.83   0.000     3.339324    4.821321
      45-54  |   5.004752   .4612179    17.47   0.000     4.177719    5.995507
      55-69  |   4.913125   .4562477    17.14   0.000     4.095554    5.893903
      70-79  |   2.816237   .3252572     8.97   0.000     2.245747    3.531649
        80+  |   .8795723   .1320304    -0.85   0.393       .65539    1.180438
             |
         sex |
          M  |   .6826728   .0247873   -10.51   0.000     .6357791    .7330254
       _cons |   .0008999   .0000782   -80.71   0.000      .000759     .001067
------------------------------------------------------------------------------
Note: _cons estimates baseline odds.

Logistic regression                             Number of obs     =  1,203,139
                                                LR chi2(8)        =    1081.19
                                                Prob > chi2       =     0.0000
Log likelihood = -22379.886                     Pseudo R2         =     0.0236

------------------------------------------------------------------------------
  long_covid | Odds Ratio   Std. Err.      z    P>|z|     [95% Conf. Interval]
-------------+----------------------------------------------------------------
  1.diabetes |   1.057172   .0577274     1.02   0.309     .9498731    1.176593
             |
   age_group |
      25-34  |   2.150379   .2124634     7.75   0.000     1.771797    2.609853
      35-44  |   4.203371    .393224    15.35   0.000     3.499195    5.049256
      45-54  |   5.359016   .4925453    18.27   0.000     4.475602    6.416803
      55-69  |    5.28974   .4916737    17.92   0.000     4.408759    6.346763
      70-79  |   2.971296    .346091     9.35   0.000     2.364828    3.733295
        80+  |   .8759192   .1322373    -0.88   0.380     .6515658    1.177524
             |
         sex |
          M  |   .6642939   .0240308   -11.31   0.000     .6188253    .7131032
       _cons |   .0009526   .0000825   -80.30   0.000     .0008039    .0011289
------------------------------------------------------------------------------
Note: _cons estimates baseline odds.

Logistic regression                             Number of obs     =  1,203,139
                                                LR chi2(8)        =    1222.54
                                                Prob > chi2       =     0.0000
Log likelihood = -22309.213                     Pseudo R2         =     0.0267

------------------------------------------------------------------------------
  long_covid | Odds Ratio   Std. Err.      z    P>|z|     [95% Conf. Interval]
-------------+----------------------------------------------------------------
    1.asthma |   1.636785   .0648579    12.43   0.000     1.514477    1.768971
             |
   age_group |
      25-34  |   2.138684   .2113121     7.69   0.000     1.762154    2.595669
      35-44  |    4.24987   .3974601    15.47   0.000      3.53809    5.104844
      45-54  |   5.458668   .5008902    18.50   0.000     4.560159    6.534215
      55-69  |   5.433184   .5016793    18.33   0.000     4.533752    6.511051
      70-79  |   3.075443   .3542069     9.75   0.000     2.453989    3.854276
        80+  |   .9219665   .1384034    -0.54   0.588     .6869653    1.237358
             |
         sex |
          M  |   .6756034   .0244205   -10.85   0.000     .6293962    .7252029
       _cons |   .0008421   .0000737   -80.93   0.000     .0007095    .0009997
------------------------------------------------------------------------------
Note: _cons estimates baseline odds.

Logistic regression                             Number of obs     =    909,276
                                                LR chi2(11)       =     737.18
                                                Prob > chi2       =     0.0000
Log likelihood = -17262.844                     Pseudo R2         =     0.0209

------------------------------------------------------------------------------
  long_covid | Odds Ratio   Std. Err.      z    P>|z|     [95% Conf. Interval]
-------------+----------------------------------------------------------------
         sex |
          M  |   .6692464   .0276909    -9.71   0.000     .6171157    .7257809
             |
   age_group |
      25-34  |   2.123625   .2498863     6.40   0.000     1.686231    2.674474
      35-44  |   3.966772   .4452794    12.28   0.000     3.183376    4.942955
      45-54  |   4.812284   .5331235    14.18   0.000     3.873039    5.979304
      55-69  |   4.715736    .526156    13.90   0.000     3.789458    5.868429
      70-79  |   2.631712   .3611806     7.05   0.000     2.011027    3.443965
        80+  |   .7755525   .1402485    -1.41   0.160     .5441048    1.105452
             |
   ethnicity |
          2  |   1.059609   .1637686     0.37   0.708      .782686     1.43451
          3  |   .7707345    .049404    -4.06   0.000     .6797399    .8739101
          4  |   .6798636     .08711    -3.01   0.003     .5288816    .8739471
          5  |   .7595089   .1172962    -1.78   0.075     .5611461    1.027992
             |
       _cons |   .0010763   .0001137   -64.69   0.000      .000875    .0013239
------------------------------------------------------------------------------
Note: _cons estimates baseline odds.

Logistic regression                             Number of obs     =    909,276
                                                LR chi2(11)       =     737.18
                                                Prob > chi2       =     0.0000
Log likelihood = -17262.844                     Pseudo R2         =     0.0209

------------------------------------------------------------------------------
  long_covid | Odds Ratio   Std. Err.      z    P>|z|     [95% Conf. Interval]
-------------+----------------------------------------------------------------
   age_group |
      25-34  |   2.123625   .2498863     6.40   0.000     1.686231    2.674474
      35-44  |   3.966772   .4452794    12.28   0.000     3.183376    4.942955
      45-54  |   4.812284   .5331235    14.18   0.000     3.873039    5.979304
      55-69  |   4.715736    .526156    13.90   0.000     3.789458    5.868429
      70-79  |   2.631712   .3611806     7.05   0.000     2.011027    3.443965
        80+  |   .7755525   .1402485    -1.41   0.160     .5441048    1.105452
             |
         sex |
          M  |   .6692464   .0276909    -9.71   0.000     .6171157    .7257809
             |
   ethnicity |
          2  |   1.059609   .1637686     0.37   0.708      .782686     1.43451
          3  |   .7707345    .049404    -4.06   0.000     .6797399    .8739101
          4  |   .6798636     .08711    -3.01   0.003     .5288816    .8739471
          5  |   .7595089   .1172962    -1.78   0.075     .5611461    1.027992
             |
       _cons |   .0010763   .0001137   -64.69   0.000      .000875    .0013239
------------------------------------------------------------------------------
Note: _cons estimates baseline odds.

Logistic regression                             Number of obs     =    909,276
                                                LR chi2(11)       =     737.18
                                                Prob > chi2       =     0.0000
Log likelihood = -17262.844                     Pseudo R2         =     0.0209

------------------------------------------------------------------------------
  long_covid | Odds Ratio   Std. Err.      z    P>|z|     [95% Conf. Interval]
-------------+----------------------------------------------------------------
   ethnicity |
          2  |   1.059609   .1637686     0.37   0.708      .782686     1.43451
          3  |   .7707345    .049404    -4.06   0.000     .6797399    .8739101
          4  |   .6798636     .08711    -3.01   0.003     .5288816    .8739471
          5  |   .7595089   .1172962    -1.78   0.075     .5611461    1.027992
             |
   age_group |
      25-34  |   2.123625   .2498863     6.40   0.000     1.686231    2.674474
      35-44  |   3.966772   .4452794    12.28   0.000     3.183376    4.942955
      45-54  |   4.812284   .5331235    14.18   0.000     3.873039    5.979304
      55-69  |   4.715736    .526156    13.90   0.000     3.789458    5.868429
      70-79  |   2.631712   .3611806     7.05   0.000     2.011027    3.443965
        80+  |   .7755525   .1402485    -1.41   0.160     .5441048    1.105452
             |
         sex |
          M  |   .6692464   .0276909    -9.71   0.000     .6171157    .7257809
       _cons |   .0010763   .0001137   -64.69   0.000      .000875    .0013239
------------------------------------------------------------------------------
Note: _cons estimates baseline odds.

Logistic regression                             Number of obs     =    909,276
                                                LR chi2(16)       =     760.51
                                                Prob > chi2       =     0.0000
Log likelihood = -17251.179                     Pseudo R2         =     0.0216

------------------------------------------------------------------------------
  long_covid | Odds Ratio   Std. Err.      z    P>|z|     [95% Conf. Interval]
-------------+----------------------------------------------------------------
         imd |
          1  |   .9426312   .1436577    -0.39   0.698     .6992268    1.270766
          2  |   .9845882   .1504403    -0.10   0.919     .7297853    1.328355
          3  |    1.13187   .1725286     0.81   0.416     .8395557    1.525961
          4  |   1.176743   .1799252     1.06   0.287     .8720314     1.58793
          5  |   1.196424   .1842492     1.16   0.244     .8847083    1.617968
             |
   age_group |
      25-34  |    2.14248   .2521472     6.47   0.000     1.701138    2.698325
      35-44  |   3.970046    .445663    12.28   0.000     3.185978    4.947073
      45-54  |   4.787149   .5303886    14.13   0.000     3.852732    5.948195
      55-69  |     4.7037   .5248314    13.88   0.000     3.779757    5.853496
      70-79  |   2.628619    .360766     7.04   0.000     2.008649    3.439942
        80+  |    .770855   .1394047    -1.44   0.150     .5408014    1.098772
             |
         sex |
          M  |   .6682701   .0276517    -9.74   0.000     .6162131    .7247248
             |
   ethnicity |
          2  |   1.086646   .1680573     0.54   0.591     .8024982    1.471405
          3  |   .8070323   .0523537    -3.30   0.001     .7106764    .9164525
          4  |   .7165689   .0921764    -2.59   0.010     .5568818    .9220467
          5  |    .782342   .1209299    -1.59   0.112     .5778603    1.059182
             |
       _cons |       .001   .0001789   -38.62   0.000     .0007043    .0014199
------------------------------------------------------------------------------
Note: _cons estimates baseline odds.

Logistic regression                             Number of obs     =    909,276
                                                LR chi2(13)       =     782.11
                                                Prob > chi2       =     0.0000
Log likelihood =  -17240.38                     Pseudo R2         =     0.0222

------------------------------------------------------------------------------
  long_covid | Odds Ratio   Std. Err.      z    P>|z|     [95% Conf. Interval]
-------------+----------------------------------------------------------------
comorbidit~s |
          1  |   1.295074   .0573995     5.83   0.000     1.187321    1.412606
          2  |   1.385908   .0910378     4.97   0.000     1.218486    1.576334
             |
   age_group |
      25-34  |   2.109369   .2482208     6.34   0.000     1.674893     2.65655
      35-44  |   3.912876   .4393289    12.15   0.000     3.139967    4.876038
      45-54  |   4.643472     .51519    13.84   0.000     3.735964    5.771425
      55-69  |   4.352653   .4894736    13.08   0.000     3.491668    5.425942
      70-79  |   2.252102   .3162184     5.78   0.000     1.710293    2.965552
        80+  |    .651109   .1197372    -2.33   0.020     .4540671    .9336569
             |
         sex |
          M  |   .6659821   .0275684    -9.82   0.000     .6140828    .7222677
             |
   ethnicity |
          2  |   1.061415   .1640474     0.39   0.700     .7840211    1.436955
          3  |    .759404   .0486914    -4.29   0.000     .6697236    .8610933
          4  |   .6790636   .0870038    -3.02   0.003     .5282649    .8729094
          5  |   .7720273   .1192431    -1.68   0.094     .5703753    1.044972
             |
       _cons |   .0010045   .0001069   -64.89   0.000     .0008154    .0012374
------------------------------------------------------------------------------
Note: _cons estimates baseline odds.

Logistic regression                             Number of obs     =    909,276
                                                LR chi2(12)       =     821.63
                                                Prob > chi2       =     0.0000
Log likelihood = -17220.621                     Pseudo R2         =     0.0233

------------------------------------------------------------------------------
  long_covid | Odds Ratio   Std. Err.      z    P>|z|     [95% Conf. Interval]
-------------+----------------------------------------------------------------
1.mental_h~h |   1.493957   .0638929     9.39   0.000     1.373834    1.624583
             |
   age_group |
      25-34  |   2.047925   .2411436     6.09   0.000     1.625866    2.579545
      35-44  |   3.741744   .4207956    11.73   0.000     3.001568    4.664445
      45-54  |   4.470191   .4967341    13.48   0.000     3.595335    5.557927
      55-69  |   4.378091   .4899731    13.19   0.000     3.515789    5.451887
      70-79  |   2.458526   .3380019     6.54   0.000     1.877805     3.21884
        80+  |   .7440279   .1346044    -1.63   0.102     .5219101    1.060676
             |
         sex |
          M  |   .7052603   .0294892    -8.35   0.000     .6497674    .7654925
             |
   ethnicity |
          2  |   1.098469   .1698517     0.61   0.544      .811279    1.487324
          3  |   .8169472   .0526595    -3.14   0.002     .7199901    .9269611
          4  |   .7249781   .0930492    -2.51   0.012     .5637353    .9323405
          5  |   .8054005   .1245057    -1.40   0.162     .5948752     1.09043
             |
       _cons |   .0009875   .0001049   -65.16   0.000     .0008019    .0012159
------------------------------------------------------------------------------
Note: _cons estimates baseline odds.

Logistic regression                             Number of obs     =    909,276
                                                LR chi2(14)       =     787.08
                                                Prob > chi2       =     0.0000
Log likelihood = -17237.892                     Pseudo R2         =     0.0223

------------------------------------------------------------------------------
  long_covid | Odds Ratio   Std. Err.      z    P>|z|     [95% Conf. Interval]
-------------+----------------------------------------------------------------
         bmi |
Obese I ..)  |   1.275441   .0661417     4.69   0.000     1.152176    1.411893
Obese II..)  |   1.403062   .0968112     4.91   0.000     1.225586    1.606237
Obese II..)  |   1.452276   .1173945     4.62   0.000     1.239488    1.701594
             |
   age_group |
      25-34  |   2.065791   .2432396     6.16   0.000     1.640062     2.60203
      35-44  |   3.808275    .428162    11.89   0.000      3.05512      4.7471
      45-54  |   4.518811   .5025253    13.56   0.000     3.633827    5.619325
      55-69  |   4.394124   .4926544    13.20   0.000     3.527267    5.474017
      70-79  |   2.483398    .341626     6.61   0.000     1.896495    3.251928
        80+  |   .7688089   .1390515    -1.45   0.146     .5393427    1.095903
             |
         sex |
          M  |    .682335   .0283569    -9.20   0.000     .6289598    .7402397
             |
   ethnicity |
          2  |   1.059671   .1637861     0.37   0.708     .7827202    1.434615
          3  |   .7812082   .0501263    -3.85   0.000     .6888892     .885899
          4  |   .6659495   .0853584    -3.17   0.002       .51801    .8561394
          5  |    .776491   .1199553    -1.64   0.102     .5736402    1.051074
             |
       _cons |   .0010231   .0001084   -65.00   0.000     .0008313    .0012592
------------------------------------------------------------------------------
Note: _cons estimates baseline odds.

Logistic regression                             Number of obs     =    909,276
                                                LR chi2(12)       =     738.67
                                                Prob > chi2       =     0.0000
Log likelihood = -17262.099                     Pseudo R2         =     0.0209

------------------------------------------------------------------------------
  long_covid | Odds Ratio   Std. Err.      z    P>|z|     [95% Conf. Interval]
-------------+----------------------------------------------------------------
  1.diabetes |   1.081253   .0686567     1.23   0.219     .9547248    1.224549
             |
   age_group |
      25-34  |   2.122121   .2497126     6.39   0.000     1.685032    2.672588
      35-44  |   3.955619   .4441291    12.25   0.000     3.174265    4.929305
      45-54  |   4.775716   .5299482    14.09   0.000     3.842226    5.936001
      55-69  |   4.643425   .5215285    13.67   0.000     3.725935    5.786841
      70-79  |   2.565237   .3562596     6.78   0.000     1.953947    3.367768
        80+  |   .7559189   .1376444    -1.54   0.124     .5290307    1.080114
             |
         sex |
          M  |   .6675747   .0276581    -9.75   0.000     .6155084    .7240454
             |
   ethnicity |
          2  |   1.054542    .163036     0.34   0.731     .7788704    1.427785
          3  |   .7603228   .0494758    -4.21   0.000     .6692811    .8637488
          4  |   .6741519   .0865051    -3.07   0.002     .5242449    .8669247
          5  |   .7550793   .1166673    -1.82   0.069     .5577936    1.022143
             |
       _cons |   .0010784   .0001139   -64.68   0.000     .0008767    .0013265
------------------------------------------------------------------------------
Note: _cons estimates baseline odds.

Logistic regression                             Number of obs     =    909,276
                                                LR chi2(12)       =     847.26
                                                Prob > chi2       =     0.0000
Log likelihood = -17207.805                     Pseudo R2         =     0.0240

------------------------------------------------------------------------------
  long_covid | Odds Ratio   Std. Err.      z    P>|z|     [95% Conf. Interval]
-------------+----------------------------------------------------------------
    1.asthma |   1.632105   .0732274    10.92   0.000     1.494712    1.782128
             |
   age_group |
      25-34  |   2.122976   .2498153     6.40   0.000     1.685708    2.673671
      35-44  |   4.018951    .451169    12.39   0.000     3.225199    5.008054
      45-54  |   4.903335   .5432921    14.35   0.000      3.94619    6.092635
      55-69  |   4.825747   .5385073    14.10   0.000     3.877739    6.005518
      70-79  |   2.700372     .37063     7.24   0.000     2.063455    3.533884
        80+  |   .8104854   .1466093    -1.16   0.245     .5685527    1.155366
             |
         sex |
          M  |   .6784969   .0280859    -9.37   0.000     .6256235    .7358388
             |
   ethnicity |
          2  |   1.081325   .1671507     0.51   0.613     .7986889    1.463978
          3  |   .7918711   .0507782    -3.64   0.000     .6983477    .8979191
          4  |   .7079174   .0907502    -2.69   0.007     .5506356    .9101246
          5  |   .7995852   .1235562    -1.45   0.148     .5906532    1.082423
             |
       _cons |   .0009399   .0001003   -65.33   0.000     .0007625    .0011585
------------------------------------------------------------------------------
Note: _cons estimates baseline odds.

. 
. * Change postfiles to csv
. use $projectdir/output/model_summary, replace

. 
. export delimited using $projectdir/output/model_summary.csv, replace
(note: file /workspace/output/model_summary.csv not found)
file /workspace/output/model_summary.csv saved

. 
. log close
      name:  <unnamed>
       log:  /workspace/logs/models.log
  log type:  text
 closed on:  23 Apr 2021, 08:43:09
-------------------------------------------------------------------------------
